# JRE version: OpenJDK Runtime Environment Temurin-21.0.2+13 (21.0.2+13) (build 21.0.2+13-LTS)
# Java VM: OpenJDK 64-Bit Server VM Temurin-21.0.2+13 (21.0.2+13-LTS, mixed mode, emulated-client, sharing, tiered, compressed oops, compressed class ptrs, g1 gc, windows-amd64)
GC Precious Log:
 CardTable entry size: 512
 Card Set container configuration: InlinePtr #cards 4 size 8 Array Of Cards #cards 16 size 48 Howl #buckets 8 coarsen threshold 3686 Howl Bitmap #cards 512 size 80 coarsen threshold 460 Card regions per heap region 1 cards per card region 4096
 CPUs: 8 total, 8 available
 Memory: 16106M
 Large Page Support: Disabled
 NUMA Support: Disabled
 Compressed Oops: Enabled (Zero based)
 Heap Region Size: 2M
 Heap Min Capacity: 8M
 Heap Initial Capacity: 252M
 Heap Max Capacity: 4028M
 Pre-touch: Disabled
 Parallel Workers: 8
 Concurrent Workers: 2
 Concurrent Refinement Workers: 8
 Periodic GC: Disabled
Heap:
 garbage-first heap   total 131072K, used 109052K [0x0000000704400000, 0x0000000800000000)
  region size 2048K, 38 young (77824K), 3 survivors (6144K)
 Metaspace       used 90398K, committed 91520K, reserved 1179648K
  class space    used 12003K, committed 12480K, reserved 1048576K
GC Heap History (20 events):
Event: 7886.195 GC heap after
{Heap after GC invocations=98 (full 16):
 garbage-first heap   total 116736K, used 30083K [0x0000000704400000, 0x0000000800000000)
  region size 2048K, 0 young (0K), 0 survivors (0K)
 Metaspace       used 89861K, committed 90816K, reserved 1179648K
  class space    used 11948K, committed 12352K, reserved 1048576K
}
Event: 7886.971 GC heap before
{Heap before GC invocations=98 (full 16):
 garbage-first heap   total 116736K, used 97667K [0x0000000704400000, 0x0000000800000000)
  region size 2048K, 34 young (69632K), 0 survivors (0K)
 Metaspace       used 90064K, committed 90944K, reserved 1179648K
  class space    used 11991K, committed 12416K, reserved 1048576K
}
Event: 7886.975 GC heap after
{Heap after GC invocations=99 (full 16):
 garbage-first heap   total 116736K, used 35463K [0x0000000704400000, 0x0000000800000000)
  region size 2048K, 3 young (6144K), 3 survivors (6144K)
 Metaspace       used 90064K, committed 90944K, reserved 1179648K
  class space    used 11991K, committed 12416K, reserved 1048576K
}
Event: 7887.207 GC heap before
{Heap before GC invocations=100 (full 16):
 garbage-first heap   total 116736K, used 96903K [0x0000000704400000, 0x0000000800000000)
  region size 2048K, 33 young (67584K), 3 survivors (6144K)
 Metaspace       used 90567K, committed 91392K, reserved 1179648K
  class space    used 12033K, committed 12416K, reserved 1048576K
}
Event: 7887.212 GC heap after
{Heap after GC invocations=101 (full 16):
 garbage-first heap   total 141312K, used 38086K [0x0000000704400000, 0x0000000800000000)
  region size 2048K, 4 young (8192K), 4 survivors (8192K)
 Metaspace       used 90567K, committed 91392K, reserved 1179648K
  class space    used 12033K, committed 12416K, reserved 1048576K
}
Event: 7887.445 GC heap before
{Heap before GC invocations=101 (full 16):
 garbage-first heap   total 141312K, used 113862K [0x0000000704400000, 0x0000000800000000)
  region size 2048K, 41 young (83968K), 4 survivors (8192K)
 Metaspace       used 90609K, committed 91520K, reserved 1179648K
  class space    used 12045K, committed 12480K, reserved 1048576K
}
Event: 7887.451 GC heap after
{Heap after GC invocations=102 (full 16):
 garbage-first heap   total 141312K, used 41715K [0x0000000704400000, 0x0000000800000000)
  region size 2048K, 4 young (8192K), 4 survivors (8192K)
 Metaspace       used 90609K, committed 91520K, reserved 1179648K
  class space    used 12045K, committed 12480K, reserved 1048576K
}
Event: 8131.829 GC heap before
{Heap before GC invocations=102 (full 16):
 garbage-first heap   total 141312K, used 76531K [0x0000000704400000, 0x0000000800000000)
  region size 2048K, 22 young (45056K), 4 survivors (8192K)
 Metaspace       used 90672K, committed 91584K, reserved 1179648K
  class space    used 12055K, committed 12480K, reserved 1048576K
}
Event: 8131.873 GC heap after
{Heap after GC invocations=103 (full 17):
 garbage-first heap   total 131072K, used 32799K [0x0000000704400000, 0x0000000800000000)
  region size 2048K, 0 young (0K), 0 survivors (0K)
 Metaspace       used 89988K, committed 91456K, reserved 1179648K
  class space    used 11982K, committed 12480K, reserved 1048576K
}
Event: 8133.127 GC heap before
{Heap before GC invocations=103 (full 17):
 garbage-first heap   total 131072K, used 110623K [0x0000000704400000, 0x0000000800000000)
  region size 2048K, 38 young (77824K), 0 survivors (0K)
 Metaspace       used 90203K, committed 91456K, reserved 1179648K
  class space    used 12006K, committed 12480K, reserved 1048576K
}
Event: 8133.130 GC heap after
{Heap after GC invocations=104 (full 17):
 garbage-first heap   total 131072K, used 37355K [0x0000000704400000, 0x0000000800000000)
  region size 2048K, 3 young (6144K), 3 survivors (6144K)
 Metaspace       used 90203K, committed 91456K, reserved 1179648K
  class space    used 12006K, committed 12480K, reserved 1048576K
}
Event: 8133.410 GC heap before
{Heap before GC invocations=105 (full 17):
 garbage-first heap   total 131072K, used 109035K [0x0000000704400000, 0x0000000800000000)
  region size 2048K, 38 young (77824K), 3 survivors (6144K)
 Metaspace       used 90455K, committed 91520K, reserved 1179648K
  class space    used 12006K, committed 12480K, reserved 1048576K
}
Event: 8133.414 GC heap after
{Heap after GC invocations=106 (full 17):
 garbage-first heap   total 131072K, used 39746K [0x0000000704400000, 0x0000000800000000)
  region size 2048K, 4 young (8192K), 4 survivors (8192K)
 Metaspace       used 90455K, committed 91520K, reserved 1179648K
  class space    used 12006K, committed 12480K, reserved 1048576K
}
Event: 8205.771 GC heap before
{Heap before GC invocations=106 (full 17):
 garbage-first heap   total 131072K, used 107330K [0x0000000704400000, 0x0000000800000000)
  region size 2048K, 37 young (75776K), 4 survivors (8192K)
 Metaspace       used 90517K, committed 91520K, reserved 1179648K
  class space    used 12017K, committed 12480K, reserved 1048576K
}
Event: 8205.775 GC heap after
{Heap after GC invocations=107 (full 17):
 garbage-first heap   total 131072K, used 40591K [0x0000000704400000, 0x0000000800000000)
  region size 2048K, 3 young (6144K), 3 survivors (6144K)
 Metaspace       used 90517K, committed 91520K, reserved 1179648K
  class space    used 12017K, committed 12480K, reserved 1048576K
}
Event: 8731.226 GC heap before
{Heap before GC invocations=107 (full 17):
 garbage-first heap   total 131072K, used 95887K [0x0000000704400000, 0x0000000800000000)
  region size 2048K, 31 young (63488K), 3 survivors (6144K)
 Metaspace       used 90521K, committed 91520K, reserved 1179648K
  class space    used 12018K, committed 12480K, reserved 1048576K
}
Event: 8731.272 GC heap after
{Heap after GC invocations=108 (full 18):
 garbage-first heap   total 131072K, used 32712K [0x0000000704400000, 0x0000000800000000)
  region size 2048K, 0 young (0K), 0 survivors (0K)
 Metaspace       used 89906K, committed 91392K, reserved 1179648K
  class space    used 11960K, committed 12480K, reserved 1048576K
}
Event: 8732.259 GC heap before
{Heap before GC invocations=108 (full 18):
 garbage-first heap   total 131072K, used 108488K [0x0000000704400000, 0x0000000800000000)
  region size 2048K, 38 young (77824K), 0 survivors (0K)
 Metaspace       used 90122K, committed 91392K, reserved 1179648K
  class space    used 11985K, committed 12480K, reserved 1048576K
}
Event: 8732.262 GC heap after
{Heap after GC invocations=109 (full 18):
 garbage-first heap   total 131072K, used 37372K [0x0000000704400000, 0x0000000800000000)
  region size 2048K, 3 young (6144K), 3 survivors (6144K)
 Metaspace       used 90122K, committed 91392K, reserved 1179648K
  class space    used 11985K, committed 12480K, reserved 1048576K
}
Event: 9390.284 GC heap before
{Heap before GC invocations=110 (full 18):
 garbage-first heap   total 131072K, used 109052K [0x0000000704400000, 0x0000000800000000)
  region size 2048K, 38 young (77824K), 3 survivors (6144K)
 Metaspace       used 90398K, committed 91520K, reserved 1179648K
  class space    used 12003K, committed 12480K, reserved 1048576K
}

