# JRE version: OpenJDK Runtime Environment Temurin-21.0.2+13 (21.0.2+13) (build 21.0.2+13-LTS)
# Java VM: OpenJDK 64-Bit Server VM Temurin-21.0.2+13 (21.0.2+13-LTS, mixed mode, emulated-client, sharing, tiered, compressed oops, compressed class ptrs, g1 gc, windows-amd64)
GC Precious Log:
 CardTable entry size: 512
 Card Set container configuration: InlinePtr #cards 4 size 8 Array Of Cards #cards 16 size 48 Howl #buckets 8 coarsen threshold 3686 Howl Bitmap #cards 512 size 80 coarsen threshold 460 Card regions per heap region 1 cards per card region 4096
 CPUs: 8 total, 8 available
 Memory: 16106M
 Large Page Support: Disabled
 NUMA Support: Disabled
 Compressed Oops: Enabled (Zero based)
 Heap Region Size: 2M
 Heap Min Capacity: 8M
 Heap Initial Capacity: 252M
 Heap Max Capacity: 4028M
 Pre-touch: Disabled
 Parallel Workers: 8
 Concurrent Workers: 2
 Concurrent Refinement Workers: 8
 Periodic GC: Disabled
Heap:
 garbage-first heap   total 147456K, used 70341K [0x0000000704400000, 0x0000000800000000)
  region size 2048K, 17 young (34816K), 6 survivors (12288K)
 Metaspace       used 93624K, committed 94656K, reserved 1179648K
  class space    used 12466K, committed 12928K, reserved 1048576K
GC Heap History (20 events):
Event: 2765.169 GC heap before
{Heap before GC invocations=68 (full 6):
 garbage-first heap   total 116736K, used 95266K [0x0000000704400000, 0x0000000800000000)
  region size 2048K, 33 young (67584K), 3 survivors (6144K)
 Metaspace       used 90368K, committed 91712K, reserved 1179648K
  class space    used 12144K, committed 12544K, reserved 1048576K
}
Event: 2765.173 GC heap after
{Heap after GC invocations=69 (full 6):
 garbage-first heap   total 116736K, used 38265K [0x0000000704400000, 0x0000000800000000)
  region size 2048K, 4 young (8192K), 4 survivors (8192K)
 Metaspace       used 90368K, committed 91712K, reserved 1179648K
  class space    used 12144K, committed 12544K, reserved 1048576K
}
Event: 2765.402 GC heap before
{Heap before GC invocations=69 (full 6):
 garbage-first heap   total 116736K, used 95609K [0x0000000704400000, 0x0000000800000000)
  region size 2048K, 32 young (65536K), 4 survivors (8192K)
 Metaspace       used 91365K, committed 92160K, reserved 1179648K
  class space    used 12230K, committed 12608K, reserved 1048576K
}
Event: 2765.407 GC heap after
{Heap after GC invocations=70 (full 6):
 garbage-first heap   total 141312K, used 41354K [0x0000000704400000, 0x0000000800000000)
  region size 2048K, 4 young (8192K), 4 survivors (8192K)
 Metaspace       used 91365K, committed 92160K, reserved 1179648K
  class space    used 12230K, committed 12608K, reserved 1048576K
}
Event: 2787.960 GC heap before
{Heap before GC invocations=70 (full 6):
 garbage-first heap   total 141312K, used 117130K [0x0000000704400000, 0x0000000800000000)
  region size 2048K, 41 young (83968K), 4 survivors (8192K)
 Metaspace       used 91472K, committed 92224K, reserved 1179648K
  class space    used 12252K, committed 12608K, reserved 1048576K
}
Event: 2787.966 GC heap after
{Heap after GC invocations=71 (full 6):
 garbage-first heap   total 141312K, used 45718K [0x0000000704400000, 0x0000000800000000)
  region size 2048K, 6 young (12288K), 6 survivors (12288K)
 Metaspace       used 91472K, committed 92224K, reserved 1179648K
  class space    used 12252K, committed 12608K, reserved 1048576K
}
Event: 3005.367 GC heap before
{Heap before GC invocations=72 (full 6):
 garbage-first heap   total 141312K, used 115350K [0x0000000704400000, 0x0000000800000000)
  region size 2048K, 40 young (81920K), 6 survivors (12288K)
 Metaspace       used 91719K, committed 92608K, reserved 1179648K
  class space    used 12280K, committed 12736K, reserved 1048576K
}
Event: 3005.376 GC heap after
{Heap after GC invocations=73 (full 6):
 garbage-first heap   total 141312K, used 46798K [0x0000000704400000, 0x0000000800000000)
  region size 2048K, 4 young (8192K), 4 survivors (8192K)
 Metaspace       used 91719K, committed 92608K, reserved 1179648K
  class space    used 12280K, committed 12736K, reserved 1048576K
}
Event: 3670.614 GC heap before
{Heap before GC invocations=73 (full 6):
 garbage-first heap   total 141312K, used 118478K [0x0000000704400000, 0x0000000800000000)
  region size 2048K, 39 young (79872K), 4 survivors (8192K)
 Metaspace       used 91719K, committed 92608K, reserved 1179648K
  class space    used 12280K, committed 12736K, reserved 1048576K
}
Event: 3670.618 GC heap after
{Heap after GC invocations=74 (full 6):
 garbage-first heap   total 141312K, used 46196K [0x0000000704400000, 0x0000000800000000)
  region size 2048K, 1 young (2048K), 1 survivors (2048K)
 Metaspace       used 91719K, committed 92608K, reserved 1179648K
  class space    used 12280K, committed 12736K, reserved 1048576K
}
Event: 3903.539 GC heap before
{Heap before GC invocations=74 (full 6):
 garbage-first heap   total 141312K, used 99444K [0x0000000704400000, 0x0000000800000000)
  region size 2048K, 28 young (57344K), 1 survivors (2048K)
 Metaspace       used 91782K, committed 92672K, reserved 1179648K
  class space    used 12290K, committed 12736K, reserved 1048576K
}
Event: 3903.597 GC heap after
{Heap after GC invocations=75 (full 7):
 garbage-first heap   total 122880K, used 33778K [0x0000000704400000, 0x0000000800000000)
  region size 2048K, 0 young (0K), 0 survivors (0K)
 Metaspace       used 91436K, committed 92672K, reserved 1179648K
  class space    used 12216K, committed 12736K, reserved 1048576K
}
Event: 3905.433 GC heap before
{Heap before GC invocations=75 (full 7):
 garbage-first heap   total 122880K, used 107506K [0x0000000704400000, 0x0000000800000000)
  region size 2048K, 36 young (73728K), 0 survivors (0K)
 Metaspace       used 91812K, committed 92672K, reserved 1179648K
  class space    used 12282K, committed 12736K, reserved 1048576K
}
Event: 3905.437 GC heap after
{Heap after GC invocations=76 (full 7):
 garbage-first heap   total 122880K, used 39260K [0x0000000704400000, 0x0000000800000000)
  region size 2048K, 3 young (6144K), 3 survivors (6144K)
 Metaspace       used 91812K, committed 92672K, reserved 1179648K
  class space    used 12282K, committed 12736K, reserved 1048576K
}
Event: 3905.770 GC heap before
{Heap before GC invocations=77 (full 7):
 garbage-first heap   total 122880K, used 106844K [0x0000000704400000, 0x0000000800000000)
  region size 2048K, 36 young (73728K), 3 survivors (6144K)
 Metaspace       used 92562K, committed 93376K, reserved 1179648K
  class space    used 12348K, committed 12736K, reserved 1048576K
}
Event: 3905.775 GC heap after
{Heap after GC invocations=78 (full 7):
 garbage-first heap   total 122880K, used 42293K [0x0000000704400000, 0x0000000800000000)
  region size 2048K, 5 young (10240K), 5 survivors (10240K)
 Metaspace       used 92562K, committed 93376K, reserved 1179648K
  class space    used 12348K, committed 12736K, reserved 1048576K
}
Event: 3906.015 GC heap before
{Heap before GC invocations=78 (full 7):
 garbage-first heap   total 122880K, used 101685K [0x0000000704400000, 0x0000000800000000)
  region size 2048K, 34 young (69632K), 5 survivors (10240K)
 Metaspace       used 93209K, committed 94080K, reserved 1179648K
  class space    used 12407K, committed 12864K, reserved 1048576K
}
Event: 3906.021 GC heap after
{Heap after GC invocations=79 (full 7):
 garbage-first heap   total 147456K, used 45026K [0x0000000704400000, 0x0000000800000000)
  region size 2048K, 4 young (8192K), 4 survivors (8192K)
 Metaspace       used 93209K, committed 94080K, reserved 1179648K
  class space    used 12407K, committed 12864K, reserved 1048576K
}
Event: 3952.179 GC heap before
{Heap before GC invocations=79 (full 7):
 garbage-first heap   total 147456K, used 124898K [0x0000000704400000, 0x0000000800000000)
  region size 2048K, 43 young (88064K), 4 survivors (8192K)
 Metaspace       used 93665K, committed 94656K, reserved 1179648K
  class space    used 12486K, committed 12928K, reserved 1048576K
}
Event: 3952.190 GC heap after
{Heap after GC invocations=80 (full 7):
 garbage-first heap   total 147456K, used 49861K [0x0000000704400000, 0x0000000800000000)
  region size 2048K, 6 young (12288K), 6 survivors (12288K)
 Metaspace       used 93665K, committed 94656K, reserved 1179648K
  class space    used 12486K, committed 12928K, reserved 1048576K
}

