# JRE version: OpenJDK Runtime Environment Temurin-21.0.2+13 (21.0.2+13) (build 21.0.2+13-LTS)
# Java VM: OpenJDK 64-Bit Server VM Temurin-21.0.2+13 (21.0.2+13-LTS, mixed mode, emulated-client, sharing, tiered, compressed oops, compressed class ptrs, g1 gc, windows-amd64)
GC Precious Log:
 CardTable entry size: 512
 Card Set container configuration: InlinePtr #cards 4 size 8 Array Of Cards #cards 16 size 48 Howl #buckets 8 coarsen threshold 3686 Howl Bitmap #cards 512 size 80 coarsen threshold 460 Card regions per heap region 1 cards per card region 4096
 CPUs: 8 total, 8 available
 Memory: 16106M
 Large Page Support: Disabled
 NUMA Support: Disabled
 Compressed Oops: Enabled (Zero based)
 Heap Region Size: 2M
 Heap Min Capacity: 8M
 Heap Initial Capacity: 252M
 Heap Max Capacity: 4028M
 Pre-touch: Disabled
 Parallel Workers: 8
 Concurrent Workers: 2
 Concurrent Refinement Workers: 8
 Periodic GC: Disabled
Heap:
 garbage-first heap   total 137216K, used 116218K [0x0000000704400000, 0x0000000800000000)
  region size 2048K, 40 young (81920K), 1 survivors (2048K)
 Metaspace       used 84308K, committed 86272K, reserved 1179648K
  class space    used 11454K, committed 12032K, reserved 1048576K
GC Heap History (20 events):
Event: 16320.054 GC heap after
{Heap after GC invocations=158 (full 12):
 garbage-first heap   total 165888K, used 36464K [0x0000000704400000, 0x0000000800000000)
  region size 2048K, 1 young (2048K), 1 survivors (2048K)
 Metaspace       used 84305K, committed 86272K, reserved 1179648K
  class space    used 11453K, committed 12032K, reserved 1048576K
}
Event: 16515.472 GC heap before
{Heap before GC invocations=158 (full 12):
 garbage-first heap   total 165888K, used 132720K [0x0000000704400000, 0x0000000800000000)
  region size 2048K, 48 young (98304K), 1 survivors (2048K)
 Metaspace       used 84305K, committed 86272K, reserved 1179648K
  class space    used 11453K, committed 12032K, reserved 1048576K
}
Event: 16515.474 GC heap after
{Heap after GC invocations=159 (full 12):
 garbage-first heap   total 165888K, used 36341K [0x0000000704400000, 0x0000000800000000)
  region size 2048K, 1 young (2048K), 1 survivors (2048K)
 Metaspace       used 84305K, committed 86272K, reserved 1179648K
  class space    used 11453K, committed 12032K, reserved 1048576K
}
Event: 16700.513 GC heap before
{Heap before GC invocations=159 (full 12):
 garbage-first heap   total 165888K, used 132597K [0x0000000704400000, 0x0000000800000000)
  region size 2048K, 48 young (98304K), 1 survivors (2048K)
 Metaspace       used 84317K, committed 86272K, reserved 1179648K
  class space    used 11456K, committed 12032K, reserved 1048576K
}
Event: 16700.517 GC heap after
{Heap after GC invocations=160 (full 12):
 garbage-first heap   total 165888K, used 36793K [0x0000000704400000, 0x0000000800000000)
  region size 2048K, 1 young (2048K), 1 survivors (2048K)
 Metaspace       used 84317K, committed 86272K, reserved 1179648K
  class space    used 11456K, committed 12032K, reserved 1048576K
}
Event: 16861.452 GC heap before
{Heap before GC invocations=161 (full 12):
 garbage-first heap   total 137216K, used 116665K [0x0000000704400000, 0x0000000800000000)
  region size 2048K, 40 young (81920K), 1 survivors (2048K)
 Metaspace       used 84307K, committed 86272K, reserved 1179648K
  class space    used 11454K, committed 12032K, reserved 1048576K
}
Event: 16861.453 GC heap after
{Heap after GC invocations=162 (full 12):
 garbage-first heap   total 137216K, used 36486K [0x0000000704400000, 0x0000000800000000)
  region size 2048K, 1 young (2048K), 1 survivors (2048K)
 Metaspace       used 84307K, committed 86272K, reserved 1179648K
  class space    used 11454K, committed 12032K, reserved 1048576K
}
Event: 17022.095 GC heap before
{Heap before GC invocations=162 (full 12):
 garbage-first heap   total 137216K, used 116358K [0x0000000704400000, 0x0000000800000000)
  region size 2048K, 40 young (81920K), 1 survivors (2048K)
 Metaspace       used 84307K, committed 86272K, reserved 1179648K
  class space    used 11454K, committed 12032K, reserved 1048576K
}
Event: 17022.099 GC heap after
{Heap after GC invocations=163 (full 12):
 garbage-first heap   total 137216K, used 36443K [0x0000000704400000, 0x0000000800000000)
  region size 2048K, 1 young (2048K), 1 survivors (2048K)
 Metaspace       used 84307K, committed 86272K, reserved 1179648K
  class space    used 11454K, committed 12032K, reserved 1048576K
}
Event: 17184.360 GC heap before
{Heap before GC invocations=163 (full 12):
 garbage-first heap   total 137216K, used 116315K [0x0000000704400000, 0x0000000800000000)
  region size 2048K, 40 young (81920K), 1 survivors (2048K)
 Metaspace       used 84317K, committed 86272K, reserved 1179648K
  class space    used 11456K, committed 12032K, reserved 1048576K
}
Event: 17184.362 GC heap after
{Heap after GC invocations=164 (full 12):
 garbage-first heap   total 137216K, used 36398K [0x0000000704400000, 0x0000000800000000)
  region size 2048K, 1 young (2048K), 1 survivors (2048K)
 Metaspace       used 84317K, committed 86272K, reserved 1179648K
  class space    used 11456K, committed 12032K, reserved 1048576K
}
Event: 17347.055 GC heap before
{Heap before GC invocations=165 (full 12):
 garbage-first heap   total 137216K, used 116270K [0x0000000704400000, 0x0000000800000000)
  region size 2048K, 40 young (81920K), 1 survivors (2048K)
 Metaspace       used 84297K, committed 86272K, reserved 1179648K
  class space    used 11452K, committed 12032K, reserved 1048576K
}
Event: 17347.058 GC heap after
{Heap after GC invocations=166 (full 12):
 garbage-first heap   total 137216K, used 36324K [0x0000000704400000, 0x0000000800000000)
  region size 2048K, 1 young (2048K), 1 survivors (2048K)
 Metaspace       used 84297K, committed 86272K, reserved 1179648K
  class space    used 11452K, committed 12032K, reserved 1048576K
}
Event: 17508.133 GC heap before
{Heap before GC invocations=166 (full 12):
 garbage-first heap   total 137216K, used 116196K [0x0000000704400000, 0x0000000800000000)
  region size 2048K, 40 young (81920K), 1 survivors (2048K)
 Metaspace       used 84307K, committed 86272K, reserved 1179648K
  class space    used 11454K, committed 12032K, reserved 1048576K
}
Event: 17508.136 GC heap after
{Heap after GC invocations=167 (full 12):
 garbage-first heap   total 137216K, used 36412K [0x0000000704400000, 0x0000000800000000)
  region size 2048K, 1 young (2048K), 1 survivors (2048K)
 Metaspace       used 84307K, committed 86272K, reserved 1179648K
  class space    used 11454K, committed 12032K, reserved 1048576K
}
Event: 17670.407 GC heap before
{Heap before GC invocations=167 (full 12):
 garbage-first heap   total 137216K, used 116284K [0x0000000704400000, 0x0000000800000000)
  region size 2048K, 40 young (81920K), 1 survivors (2048K)
 Metaspace       used 84307K, committed 86272K, reserved 1179648K
  class space    used 11454K, committed 12032K, reserved 1048576K
}
Event: 17670.411 GC heap after
{Heap after GC invocations=168 (full 12):
 garbage-first heap   total 137216K, used 36327K [0x0000000704400000, 0x0000000800000000)
  region size 2048K, 1 young (2048K), 1 survivors (2048K)
 Metaspace       used 84307K, committed 86272K, reserved 1179648K
  class space    used 11454K, committed 12032K, reserved 1048576K
}
Event: 17830.878 GC heap before
{Heap before GC invocations=169 (full 12):
 garbage-first heap   total 137216K, used 116199K [0x0000000704400000, 0x0000000800000000)
  region size 2048K, 40 young (81920K), 1 survivors (2048K)
 Metaspace       used 84305K, committed 86272K, reserved 1179648K
  class space    used 11453K, committed 12032K, reserved 1048576K
}
Event: 17830.880 GC heap after
{Heap after GC invocations=170 (full 12):
 garbage-first heap   total 137216K, used 36346K [0x0000000704400000, 0x0000000800000000)
  region size 2048K, 1 young (2048K), 1 survivors (2048K)
 Metaspace       used 84305K, committed 86272K, reserved 1179648K
  class space    used 11453K, committed 12032K, reserved 1048576K
}
Event: 17992.719 GC heap before
{Heap before GC invocations=170 (full 12):
 garbage-first heap   total 137216K, used 116218K [0x0000000704400000, 0x0000000800000000)
  region size 2048K, 40 young (81920K), 1 survivors (2048K)
 Metaspace       used 84308K, committed 86272K, reserved 1179648K
  class space    used 11454K, committed 12032K, reserved 1048576K
}

