# JRE version: OpenJDK Runtime Environment Temurin-21.0.2+13 (21.0.2+13) (build 21.0.2+13-LTS)
# Java VM: OpenJDK 64-Bit Server VM Temurin-21.0.2+13 (21.0.2+13-LTS, mixed mode, emulated-client, sharing, tiered, compressed oops, compressed class ptrs, g1 gc, windows-amd64)
GC Precious Log:
 CardTable entry size: 512
 Card Set container configuration: InlinePtr #cards 4 size 8 Array Of Cards #cards 16 size 48 Howl #buckets 8 coarsen threshold 3686 Howl Bitmap #cards 512 size 80 coarsen threshold 460 Card regions per heap region 1 cards per card region 4096
 CPUs: 8 total, 8 available
 Memory: 16106M
 Large Page Support: Disabled
 NUMA Support: Disabled
 Compressed Oops: Enabled (Zero based)
 Heap Region Size: 2M
 Heap Min Capacity: 8M
 Heap Initial Capacity: 252M
 Heap Max Capacity: 4028M
 Pre-touch: Disabled
 Parallel Workers: 8
 Concurrent Workers: 2
 Concurrent Refinement Workers: 8
 Periodic GC: Disabled
Heap:
 garbage-first heap   total 165888K, used 119370K [0x0000000704400000, 0x0000000800000000)
  region size 2048K, 39 young (79872K), 5 survivors (10240K)
 Metaspace       used 101781K, committed 103104K, reserved 1179648K
  class space    used 13176K, committed 13824K, reserved 1048576K
GC Heap History (20 events):
Event: 8673.733 GC heap after
{Heap after GC invocations=130 (full 15):
 garbage-first heap   total 157696K, used 65863K [0x0000000704400000, 0x0000000800000000)
  region size 2048K, 0 young (0K), 0 survivors (0K)
 Metaspace       used 99220K, committed 100544K, reserved 1179648K
  class space    used 12943K, committed 13568K, reserved 1048576K
}
Event: 8674.243 GC heap before
{Heap before GC invocations=130 (full 15):
 garbage-first heap   total 157696K, used 141639K [0x0000000704400000, 0x0000000800000000)
  region size 2048K, 37 young (75776K), 0 survivors (0K)
 Metaspace       used 99475K, committed 100672K, reserved 1179648K
  class space    used 12980K, committed 13568K, reserved 1048576K
}
Event: 8674.248 GC heap after
{Heap after GC invocations=131 (full 15):
 garbage-first heap   total 157696K, used 70498K [0x0000000704400000, 0x0000000800000000)
  region size 2048K, 3 young (6144K), 3 survivors (6144K)
 Metaspace       used 99475K, committed 100672K, reserved 1179648K
  class space    used 12980K, committed 13568K, reserved 1048576K
}
Event: 8675.251 GC heap before
{Heap before GC invocations=132 (full 15):
 garbage-first heap   total 157696K, used 133986K [0x0000000704400000, 0x0000000800000000)
  region size 2048K, 34 young (69632K), 3 survivors (6144K)
 Metaspace       used 100227K, committed 101440K, reserved 1179648K
  class space    used 13020K, committed 13632K, reserved 1048576K
}
Event: 8675.255 GC heap after
{Heap after GC invocations=133 (full 15):
 garbage-first heap   total 157696K, used 72959K [0x0000000704400000, 0x0000000800000000)
  region size 2048K, 4 young (8192K), 4 survivors (8192K)
 Metaspace       used 100227K, committed 101440K, reserved 1179648K
  class space    used 13020K, committed 13632K, reserved 1048576K
}
Event: 8675.467 GC heap before
{Heap before GC invocations=133 (full 15):
 garbage-first heap   total 157696K, used 132351K [0x0000000704400000, 0x0000000800000000)
  region size 2048K, 33 young (67584K), 4 survivors (8192K)
 Metaspace       used 100281K, committed 101504K, reserved 1179648K
  class space    used 13025K, committed 13632K, reserved 1048576K
}
Event: 8675.474 GC heap after
{Heap after GC invocations=134 (full 15):
 garbage-first heap   total 157696K, used 75250K [0x0000000704400000, 0x0000000800000000)
  region size 2048K, 3 young (6144K), 3 survivors (6144K)
 Metaspace       used 100281K, committed 101504K, reserved 1179648K
  class space    used 13025K, committed 13632K, reserved 1048576K
}
Event: 8819.127 GC heap before
{Heap before GC invocations=134 (full 15):
 garbage-first heap   total 157696K, used 136690K [0x0000000704400000, 0x0000000800000000)
  region size 2048K, 33 young (67584K), 3 survivors (6144K)
 Metaspace       used 100346K, committed 101568K, reserved 1179648K
  class space    used 13036K, committed 13632K, reserved 1048576K
}
Event: 8819.134 GC heap after
{Heap after GC invocations=135 (full 15):
 garbage-first heap   total 157696K, used 76001K [0x0000000704400000, 0x0000000800000000)
  region size 2048K, 3 young (6144K), 3 survivors (6144K)
 Metaspace       used 100346K, committed 101568K, reserved 1179648K
  class space    used 13036K, committed 13632K, reserved 1048576K
}
Event: 8907.249 GC heap before
{Heap before GC invocations=136 (full 15):
 garbage-first heap   total 157696K, used 108769K [0x0000000704400000, 0x0000000800000000)
  region size 2048K, 21 young (43008K), 3 survivors (6144K)
 Metaspace       used 100462K, committed 101632K, reserved 1179648K
  class space    used 13051K, committed 13632K, reserved 1048576K
}
Event: 8907.256 GC heap after
{Heap after GC invocations=137 (full 15):
 garbage-first heap   total 157696K, used 78368K [0x0000000704400000, 0x0000000800000000)
  region size 2048K, 3 young (6144K), 3 survivors (6144K)
 Metaspace       used 100462K, committed 101632K, reserved 1179648K
  class space    used 13051K, committed 13632K, reserved 1048576K
}
Event: 8974.553 GC heap before
{Heap before GC invocations=138 (full 15):
 garbage-first heap   total 157696K, used 96800K [0x0000000704400000, 0x0000000800000000)
  region size 2048K, 13 young (26624K), 3 survivors (6144K)
 Metaspace       used 100647K, committed 101952K, reserved 1179648K
  class space    used 13069K, committed 13696K, reserved 1048576K
}
Event: 8974.614 GC heap after
{Heap after GC invocations=139 (full 16):
 garbage-first heap   total 137216K, used 35711K [0x0000000704400000, 0x0000000800000000)
  region size 2048K, 0 young (0K), 0 survivors (0K)
 Metaspace       used 100310K, committed 101952K, reserved 1179648K
  class space    used 12997K, committed 13696K, reserved 1048576K
}
Event: 8976.343 GC heap before
{Heap before GC invocations=139 (full 16):
 garbage-first heap   total 137216K, used 115583K [0x0000000704400000, 0x0000000800000000)
  region size 2048K, 40 young (81920K), 0 survivors (0K)
 Metaspace       used 100654K, committed 101952K, reserved 1179648K
  class space    used 13057K, committed 13696K, reserved 1048576K
}
Event: 8976.347 GC heap after
{Heap after GC invocations=140 (full 16):
 garbage-first heap   total 137216K, used 41984K [0x0000000704400000, 0x0000000800000000)
  region size 2048K, 4 young (8192K), 4 survivors (8192K)
 Metaspace       used 100654K, committed 101952K, reserved 1179648K
  class space    used 13057K, committed 13696K, reserved 1048576K
}
Event: 8976.629 GC heap before
{Heap before GC invocations=141 (full 16):
 garbage-first heap   total 137216K, used 113664K [0x0000000704400000, 0x0000000800000000)
  region size 2048K, 39 young (79872K), 4 survivors (8192K)
 Metaspace       used 101621K, committed 102912K, reserved 1179648K
  class space    used 13139K, committed 13760K, reserved 1048576K
}
Event: 8976.634 GC heap after
{Heap after GC invocations=142 (full 16):
 garbage-first heap   total 165888K, used 44765K [0x0000000704400000, 0x0000000800000000)
  region size 2048K, 2 young (4096K), 2 survivors (4096K)
 Metaspace       used 101621K, committed 102912K, reserved 1179648K
  class space    used 13139K, committed 13760K, reserved 1048576K
}
Event: 8984.769 GC heap before
{Heap before GC invocations=142 (full 16):
 garbage-first heap   total 165888K, used 138973K [0x0000000704400000, 0x0000000800000000)
  region size 2048K, 48 young (98304K), 2 survivors (4096K)
 Metaspace       used 101710K, committed 102976K, reserved 1179648K
  class space    used 13157K, committed 13760K, reserved 1048576K
}
Event: 8984.775 GC heap after
{Heap after GC invocations=143 (full 16):
 garbage-first heap   total 165888K, used 50974K [0x0000000704400000, 0x0000000800000000)
  region size 2048K, 5 young (10240K), 5 survivors (10240K)
 Metaspace       used 101710K, committed 102976K, reserved 1179648K
  class space    used 13157K, committed 13760K, reserved 1048576K
}
Event: 9379.695 GC heap before
{Heap before GC invocations=143 (full 16):
 garbage-first heap   total 165888K, used 118558K [0x0000000704400000, 0x0000000800000000)
  region size 2048K, 39 young (79872K), 5 survivors (10240K)
 Metaspace       used 101781K, committed 103104K, reserved 1179648K
  class space    used 13176K, committed 13824K, reserved 1048576K
}

