# JRE version: OpenJDK Runtime Environment Temurin-21.0.2+13 (21.0.2+13) (build 21.0.2+13-LTS)
# Java VM: OpenJDK 64-Bit Server VM Temurin-21.0.2+13 (21.0.2+13-LTS, mixed mode, emulated-client, sharing, tiered, compressed oops, compressed class ptrs, g1 gc, windows-amd64)
GC Precious Log:
 CardTable entry size: 512
 Card Set container configuration: InlinePtr #cards 4 size 8 Array Of Cards #cards 16 size 48 Howl #buckets 8 coarsen threshold 3686 Howl Bitmap #cards 512 size 80 coarsen threshold 460 Card regions per heap region 1 cards per card region 4096
 CPUs: 8 total, 8 available
 Memory: 16106M
 Large Page Support: Disabled
 NUMA Support: Disabled
 Compressed Oops: Enabled (Zero based)
 Heap Region Size: 2M
 Heap Min Capacity: 8M
 Heap Initial Capacity: 252M
 Heap Max Capacity: 4028M
 Pre-touch: Disabled
 Parallel Workers: 8
 Concurrent Workers: 2
 Concurrent Refinement Workers: 8
 Periodic GC: Disabled
Heap:
 garbage-first heap   total 122880K, used 88773K [0x0000000704400000, 0x0000000800000000)
  region size 2048K, 27 young (55296K), 4 survivors (8192K)
 Metaspace       used 87457K, committed 88256K, reserved 1179648K
  class space    used 11907K, committed 12288K, reserved 1048576K
GC Heap History (20 events):
Event: 8236.290 GC heap after
{Heap after GC invocations=61 (full 3):
 garbage-first heap   total 147456K, used 40963K [0x0000000704400000, 0x0000000800000000)
  region size 2048K, 3 young (6144K), 3 survivors (6144K)
 Metaspace       used 85942K, committed 87040K, reserved 1179648K
  class space    used 11726K, committed 12160K, reserved 1048576K
}
Event: 8723.727 GC heap before
{Heap before GC invocations=61 (full 3):
 garbage-first heap   total 147456K, used 122883K [0x0000000704400000, 0x0000000800000000)
  region size 2048K, 43 young (88064K), 3 survivors (6144K)
 Metaspace       used 85942K, committed 87040K, reserved 1179648K
  class space    used 11726K, committed 12160K, reserved 1048576K
}
Event: 8723.732 GC heap after
{Heap after GC invocations=62 (full 3):
 garbage-first heap   total 147456K, used 41047K [0x0000000704400000, 0x0000000800000000)
  region size 2048K, 3 young (6144K), 3 survivors (6144K)
 Metaspace       used 85942K, committed 87040K, reserved 1179648K
  class space    used 11726K, committed 12160K, reserved 1048576K
}
Event: 9216.034 GC heap before
{Heap before GC invocations=63 (full 3):
 garbage-first heap   total 147456K, used 122967K [0x0000000704400000, 0x0000000800000000)
  region size 2048K, 43 young (88064K), 3 survivors (6144K)
 Metaspace       used 85942K, committed 87040K, reserved 1179648K
  class space    used 11726K, committed 12160K, reserved 1048576K
}
Event: 9216.037 GC heap after
{Heap after GC invocations=64 (full 3):
 garbage-first heap   total 147456K, used 40944K [0x0000000704400000, 0x0000000800000000)
  region size 2048K, 3 young (6144K), 3 survivors (6144K)
 Metaspace       used 85942K, committed 87040K, reserved 1179648K
  class space    used 11726K, committed 12160K, reserved 1048576K
}
Event: 9669.774 GC heap before
{Heap before GC invocations=64 (full 3):
 garbage-first heap   total 147456K, used 122864K [0x0000000704400000, 0x0000000800000000)
  region size 2048K, 43 young (88064K), 3 survivors (6144K)
 Metaspace       used 85943K, committed 87040K, reserved 1179648K
  class space    used 11727K, committed 12160K, reserved 1048576K
}
Event: 9669.778 GC heap after
{Heap after GC invocations=65 (full 3):
 garbage-first heap   total 147456K, used 39954K [0x0000000704400000, 0x0000000800000000)
  region size 2048K, 3 young (6144K), 3 survivors (6144K)
 Metaspace       used 85943K, committed 87040K, reserved 1179648K
  class space    used 11727K, committed 12160K, reserved 1048576K
}
Event: 10161.224 GC heap before
{Heap before GC invocations=65 (full 3):
 garbage-first heap   total 147456K, used 119826K [0x0000000704400000, 0x0000000800000000)
  region size 2048K, 43 young (88064K), 3 survivors (6144K)
 Metaspace       used 85990K, committed 87040K, reserved 1179648K
  class space    used 11739K, committed 12160K, reserved 1048576K
}
Event: 10161.229 GC heap after
{Heap after GC invocations=66 (full 3):
 garbage-first heap   total 147456K, used 40472K [0x0000000704400000, 0x0000000800000000)
  region size 2048K, 3 young (6144K), 3 survivors (6144K)
 Metaspace       used 85990K, committed 87040K, reserved 1179648K
  class space    used 11739K, committed 12160K, reserved 1048576K
}
Event: 10635.546 GC heap before
{Heap before GC invocations=67 (full 3):
 garbage-first heap   total 147456K, used 122392K [0x0000000704400000, 0x0000000800000000)
  region size 2048K, 43 young (88064K), 3 survivors (6144K)
 Metaspace       used 85990K, committed 87040K, reserved 1179648K
  class space    used 11739K, committed 12160K, reserved 1048576K
}
Event: 10635.552 GC heap after
{Heap after GC invocations=68 (full 3):
 garbage-first heap   total 178176K, used 39652K [0x0000000704400000, 0x0000000800000000)
  region size 2048K, 3 young (6144K), 3 survivors (6144K)
 Metaspace       used 85990K, committed 87040K, reserved 1179648K
  class space    used 11739K, committed 12160K, reserved 1048576K
}
Event: 10860.595 GC heap before
{Heap before GC invocations=68 (full 3):
 garbage-first heap   total 178176K, used 78564K [0x0000000704400000, 0x0000000800000000)
  region size 2048K, 23 young (47104K), 3 survivors (6144K)
 Metaspace       used 86066K, committed 87040K, reserved 1179648K
  class space    used 11752K, committed 12160K, reserved 1048576K
}
Event: 10860.644 GC heap after
{Heap after GC invocations=69 (full 4):
 garbage-first heap   total 122880K, used 31521K [0x0000000704400000, 0x0000000800000000)
  region size 2048K, 0 young (0K), 0 survivors (0K)
 Metaspace       used 85989K, committed 87040K, reserved 1179648K
  class space    used 11733K, committed 12160K, reserved 1048576K
}
Event: 10861.313 GC heap before
{Heap before GC invocations=69 (full 4):
 garbage-first heap   total 122880K, used 105249K [0x0000000704400000, 0x0000000800000000)
  region size 2048K, 36 young (73728K), 0 survivors (0K)
 Metaspace       used 86305K, committed 87040K, reserved 1179648K
  class space    used 11795K, committed 12160K, reserved 1048576K
}
Event: 10861.317 GC heap after
{Heap after GC invocations=70 (full 4):
 garbage-first heap   total 122880K, used 37077K [0x0000000704400000, 0x0000000800000000)
  region size 2048K, 3 young (6144K), 3 survivors (6144K)
 Metaspace       used 86305K, committed 87040K, reserved 1179648K
  class space    used 11795K, committed 12160K, reserved 1048576K
}
Event: 10861.729 GC heap before
{Heap before GC invocations=71 (full 4):
 garbage-first heap   total 122880K, used 102613K [0x0000000704400000, 0x0000000800000000)
  region size 2048K, 36 young (73728K), 3 survivors (6144K)
 Metaspace       used 87232K, committed 88000K, reserved 1179648K
  class space    used 11872K, committed 12224K, reserved 1048576K
}
Event: 10861.734 GC heap after
{Heap after GC invocations=72 (full 4):
 garbage-first heap   total 122880K, used 40830K [0x0000000704400000, 0x0000000800000000)
  region size 2048K, 5 young (10240K), 5 survivors (10240K)
 Metaspace       used 87232K, committed 88000K, reserved 1179648K
  class space    used 11872K, committed 12224K, reserved 1048576K
}
Event: 10861.986 GC heap before
{Heap before GC invocations=72 (full 4):
 garbage-first heap   total 122880K, used 100222K [0x0000000704400000, 0x0000000800000000)
  region size 2048K, 34 young (69632K), 5 survivors (10240K)
 Metaspace       used 87369K, committed 88192K, reserved 1179648K
  class space    used 11894K, committed 12288K, reserved 1048576K
}
Event: 10861.992 GC heap after
{Heap after GC invocations=73 (full 4):
 garbage-first heap   total 122880K, used 43182K [0x0000000704400000, 0x0000000800000000)
  region size 2048K, 4 young (8192K), 4 survivors (8192K)
 Metaspace       used 87369K, committed 88192K, reserved 1179648K
  class space    used 11894K, committed 12288K, reserved 1048576K
}
Event: 10891.384 GC heap before
{Heap before GC invocations=73 (full 4):
 garbage-first heap   total 122880K, used 88238K [0x0000000704400000, 0x0000000800000000)
  region size 2048K, 27 young (55296K), 4 survivors (8192K)
 Metaspace       used 87457K, committed 88256K, reserved 1179648K
  class space    used 11907K, committed 12288K, reserved 1048576K
}

