# JRE version: OpenJDK Runtime Environment Temurin-21.0.2+13 (21.0.2+13) (build 21.0.2+13-LTS)
# Java VM: OpenJDK 64-Bit Server VM Temurin-21.0.2+13 (21.0.2+13-LTS, mixed mode, emulated-client, sharing, tiered, compressed oops, compressed class ptrs, g1 gc, windows-amd64)
GC Precious Log:
 CardTable entry size: 512
 Card Set container configuration: InlinePtr #cards 4 size 8 Array Of Cards #cards 16 size 48 Howl #buckets 8 coarsen threshold 3686 Howl Bitmap #cards 512 size 80 coarsen threshold 460 Card regions per heap region 1 cards per card region 4096
 CPUs: 8 total, 8 available
 Memory: 16106M
 Large Page Support: Disabled
 NUMA Support: Disabled
 Compressed Oops: Enabled (Zero based)
 Heap Region Size: 2M
 Heap Min Capacity: 8M
 Heap Initial Capacity: 252M
 Heap Max Capacity: 4028M
 Pre-touch: Disabled
 Parallel Workers: 8
 Concurrent Workers: 2
 Concurrent Refinement Workers: 8
 Periodic GC: Disabled
Heap:
 garbage-first heap   total 131072K, used 99359K [0x0000000704400000, 0x0000000800000000)
  region size 2048K, 32 young (65536K), 3 survivors (6144K)
 Metaspace       used 103320K, committed 104448K, reserved 1179648K
  class space    used 13232K, committed 13760K, reserved 1048576K
GC Heap History (20 events):
Event: 12943.335 GC heap before
{Heap before GC invocations=119 (full 13):
 garbage-first heap   total 137216K, used 114594K [0x0000000704400000, 0x0000000800000000)
  region size 2048K, 38 young (77824K), 3 survivors (6144K)
 Metaspace       used 101116K, committed 102016K, reserved 1179648K
  class space    used 13070K, committed 13504K, reserved 1048576K
}
Event: 12943.343 GC heap after
{Heap after GC invocations=120 (full 13):
 garbage-first heap   total 165888K, used 47484K [0x0000000704400000, 0x0000000800000000)
  region size 2048K, 4 young (8192K), 4 survivors (8192K)
 Metaspace       used 101116K, committed 102016K, reserved 1179648K
  class space    used 13070K, committed 13504K, reserved 1048576K
}
Event: 13252.548 GC heap before
{Heap before GC invocations=121 (full 13):
 garbage-first heap   total 165888K, used 119164K [0x0000000704400000, 0x0000000800000000)
  region size 2048K, 40 young (81920K), 4 survivors (8192K)
 Metaspace       used 101090K, committed 102080K, reserved 1179648K
  class space    used 13036K, committed 13504K, reserved 1048576K
}
Event: 13252.599 GC heap after
{Heap after GC invocations=122 (full 14):
 garbage-first heap   total 131072K, used 35674K [0x0000000704400000, 0x0000000800000000)
  region size 2048K, 0 young (0K), 0 survivors (0K)
 Metaspace       used 100962K, committed 102080K, reserved 1179648K
  class space    used 13013K, committed 13504K, reserved 1048576K
}
Event: 13253.240 GC heap before
{Heap before GC invocations=122 (full 14):
 garbage-first heap   total 131072K, used 111450K [0x0000000704400000, 0x0000000800000000)
  region size 2048K, 38 young (77824K), 0 survivors (0K)
 Metaspace       used 101317K, committed 102208K, reserved 1179648K
  class space    used 13080K, committed 13504K, reserved 1048576K
}
Event: 13253.244 GC heap after
{Heap after GC invocations=123 (full 14):
 garbage-first heap   total 131072K, used 41770K [0x0000000704400000, 0x0000000800000000)
  region size 2048K, 3 young (6144K), 3 survivors (6144K)
 Metaspace       used 101317K, committed 102208K, reserved 1179648K
  class space    used 13080K, committed 13504K, reserved 1048576K
}
Event: 13253.696 GC heap before
{Heap before GC invocations=124 (full 14):
 garbage-first heap   total 131072K, used 113450K [0x0000000704400000, 0x0000000800000000)
  region size 2048K, 38 young (77824K), 3 survivors (6144K)
 Metaspace       used 102353K, committed 103296K, reserved 1179648K
  class space    used 13159K, committed 13632K, reserved 1048576K
}
Event: 13253.701 GC heap after
{Heap after GC invocations=125 (full 14):
 garbage-first heap   total 131072K, used 45075K [0x0000000704400000, 0x0000000800000000)
  region size 2048K, 2 young (4096K), 2 survivors (4096K)
 Metaspace       used 102353K, committed 103296K, reserved 1179648K
  class space    used 13159K, committed 13632K, reserved 1048576K
}
Event: 13254.005 GC heap before
{Heap before GC invocations=125 (full 14):
 garbage-first heap   total 131072K, used 114707K [0x0000000704400000, 0x0000000800000000)
  region size 2048K, 36 young (73728K), 2 survivors (4096K)
 Metaspace       used 102595K, committed 103616K, reserved 1179648K
  class space    used 13192K, committed 13696K, reserved 1048576K
}
Event: 13254.010 GC heap after
{Heap after GC invocations=126 (full 14):
 garbage-first heap   total 131072K, used 48416K [0x0000000704400000, 0x0000000800000000)
  region size 2048K, 4 young (8192K), 4 survivors (8192K)
 Metaspace       used 102595K, committed 103616K, reserved 1179648K
  class space    used 13192K, committed 13696K, reserved 1048576K
}
Event: 13338.225 GC heap before
{Heap before GC invocations=126 (full 14):
 garbage-first heap   total 131072K, used 109856K [0x0000000704400000, 0x0000000800000000)
  region size 2048K, 34 young (69632K), 4 survivors (8192K)
 Metaspace       used 102732K, committed 103744K, reserved 1179648K
  class space    used 13217K, committed 13696K, reserved 1048576K
}
Event: 13338.234 GC heap after
{Heap after GC invocations=127 (full 14):
 garbage-first heap   total 131072K, used 52404K [0x0000000704400000, 0x0000000800000000)
  region size 2048K, 4 young (8192K), 4 survivors (8192K)
 Metaspace       used 102732K, committed 103744K, reserved 1179648K
  class space    used 13217K, committed 13696K, reserved 1048576K
}
Event: 13608.711 GC heap before
{Heap before GC invocations=128 (full 14):
 garbage-first heap   total 131072K, used 111796K [0x0000000704400000, 0x0000000800000000)
  region size 2048K, 33 young (67584K), 4 survivors (8192K)
 Metaspace       used 102514K, committed 103744K, reserved 1179648K
  class space    used 13167K, committed 13696K, reserved 1048576K
}
Event: 13608.717 GC heap after
{Heap after GC invocations=129 (full 14):
 garbage-first heap   total 131072K, used 51819K [0x0000000704400000, 0x0000000800000000)
  region size 2048K, 2 young (4096K), 2 survivors (4096K)
 Metaspace       used 102514K, committed 103744K, reserved 1179648K
  class space    used 13167K, committed 13696K, reserved 1048576K
}
Event: 13858.017 GC heap before
{Heap before GC invocations=129 (full 14):
 garbage-first heap   total 131072K, used 113259K [0x0000000704400000, 0x0000000800000000)
  region size 2048K, 33 young (67584K), 2 survivors (4096K)
 Metaspace       used 102530K, committed 103744K, reserved 1179648K
  class space    used 13171K, committed 13696K, reserved 1048576K
}
Event: 13858.020 GC heap after
{Heap after GC invocations=130 (full 14):
 garbage-first heap   total 131072K, used 46721K [0x0000000704400000, 0x0000000800000000)
  region size 2048K, 2 young (4096K), 2 survivors (4096K)
 Metaspace       used 102530K, committed 103744K, reserved 1179648K
  class space    used 13171K, committed 13696K, reserved 1048576K
}
Event: 13883.520 GC heap before
{Heap before GC invocations=130 (full 14):
 garbage-first heap   total 131072K, used 52865K [0x0000000704400000, 0x0000000800000000)
  region size 2048K, 6 young (12288K), 2 survivors (4096K)
 Metaspace       used 102652K, committed 103744K, reserved 1179648K
  class space    used 13183K, committed 13696K, reserved 1048576K
}
Event: 13883.578 GC heap after
{Heap after GC invocations=131 (full 15):
 garbage-first heap   total 131072K, used 35893K [0x0000000704400000, 0x0000000800000000)
  region size 2048K, 0 young (0K), 0 survivors (0K)
 Metaspace       used 102368K, committed 103744K, reserved 1179648K
  class space    used 13125K, committed 13696K, reserved 1048576K
}
Event: 13884.912 GC heap before
{Heap before GC invocations=131 (full 15):
 garbage-first heap   total 131072K, used 111669K [0x0000000704400000, 0x0000000800000000)
  region size 2048K, 38 young (77824K), 0 survivors (0K)
 Metaspace       used 102728K, committed 103744K, reserved 1179648K
  class space    used 13192K, committed 13696K, reserved 1048576K
}
Event: 13884.916 GC heap after
{Heap after GC invocations=132 (full 15):
 garbage-first heap   total 131072K, used 42015K [0x0000000704400000, 0x0000000800000000)
  region size 2048K, 3 young (6144K), 3 survivors (6144K)
 Metaspace       used 102728K, committed 103744K, reserved 1179648K
  class space    used 13192K, committed 13696K, reserved 1048576K
}

