# JRE version: OpenJDK Runtime Environment Temurin-21.0.2+13 (21.0.2+13) (build 21.0.2+13-LTS)
# Java VM: OpenJDK 64-Bit Server VM Temurin-21.0.2+13 (21.0.2+13-LTS, mixed mode, emulated-client, sharing, tiered, compressed oops, compressed class ptrs, g1 gc, windows-amd64)
GC Precious Log:
 CardTable entry size: 512
 Card Set container configuration: InlinePtr #cards 4 size 8 Array Of Cards #cards 16 size 48 Howl #buckets 8 coarsen threshold 3686 Howl Bitmap #cards 512 size 80 coarsen threshold 460 Card regions per heap region 1 cards per card region 4096
 CPUs: 8 total, 8 available
 Memory: 16106M
 Large Page Support: Disabled
 NUMA Support: Disabled
 Compressed Oops: Enabled (Zero based)
 Heap Region Size: 2M
 Heap Min Capacity: 8M
 Heap Initial Capacity: 252M
 Heap Max Capacity: 4028M
 Pre-touch: Disabled
 Parallel Workers: 8
 Concurrent Workers: 2
 Concurrent Refinement Workers: 8
 Periodic GC: Disabled
Heap:
 garbage-first heap   total 116736K, used 81035K [0x0000000704400000, 0x0000000800000000)
  region size 2048K, 26 young (53248K), 3 survivors (6144K)
 Metaspace       used 85482K, committed 86208K, reserved 1179648K
  class space    used 11694K, committed 12032K, reserved 1048576K
GC Heap History (20 events):
Event: 1037.085 GC heap before
{Heap before GC invocations=34 (full 2):
 garbage-first heap   total 116736K, used 98935K [0x0000000704400000, 0x0000000800000000)
  region size 2048K, 34 young (69632K), 0 survivors (0K)
 Metaspace       used 83841K, committed 84672K, reserved 1179648K
  class space    used 11551K, committed 11904K, reserved 1048576K
}
Event: 1037.088 GC heap after
{Heap after GC invocations=35 (full 2):
 garbage-first heap   total 116736K, used 35983K [0x0000000704400000, 0x0000000800000000)
  region size 2048K, 3 young (6144K), 3 survivors (6144K)
 Metaspace       used 83841K, committed 84672K, reserved 1179648K
  class space    used 11551K, committed 11904K, reserved 1048576K
}
Event: 1037.312 GC heap before
{Heap before GC invocations=36 (full 2):
 garbage-first heap   total 116736K, used 97423K [0x0000000704400000, 0x0000000800000000)
  region size 2048K, 33 young (67584K), 3 survivors (6144K)
 Metaspace       used 84267K, committed 84992K, reserved 1179648K
  class space    used 11581K, committed 11904K, reserved 1048576K
}
Event: 1037.315 GC heap after
{Heap after GC invocations=37 (full 2):
 garbage-first heap   total 116736K, used 37495K [0x0000000704400000, 0x0000000800000000)
  region size 2048K, 3 young (6144K), 3 survivors (6144K)
 Metaspace       used 84267K, committed 84992K, reserved 1179648K
  class space    used 11581K, committed 11904K, reserved 1048576K
}
Event: 1037.507 GC heap before
{Heap before GC invocations=37 (full 2):
 garbage-first heap   total 116736K, used 98935K [0x0000000704400000, 0x0000000800000000)
  region size 2048K, 33 young (67584K), 3 survivors (6144K)
 Metaspace       used 84276K, committed 85056K, reserved 1179648K
  class space    used 11585K, committed 11904K, reserved 1048576K
}
Event: 1037.511 GC heap after
{Heap after GC invocations=38 (full 2):
 garbage-first heap   total 116736K, used 38735K [0x0000000704400000, 0x0000000800000000)
  region size 2048K, 2 young (4096K), 2 survivors (4096K)
 Metaspace       used 84276K, committed 85056K, reserved 1179648K
  class space    used 11585K, committed 11904K, reserved 1048576K
}
Event: 4759.958 GC heap before
{Heap before GC invocations=38 (full 2):
 garbage-first heap   total 116736K, used 100175K [0x0000000704400000, 0x0000000800000000)
  region size 2048K, 32 young (65536K), 2 survivors (4096K)
 Metaspace       used 84279K, committed 85056K, reserved 1179648K
  class space    used 11586K, committed 11904K, reserved 1048576K
}
Event: 4759.965 GC heap after
{Heap after GC invocations=39 (full 2):
 garbage-first heap   total 141312K, used 39097K [0x0000000704400000, 0x0000000800000000)
  region size 2048K, 3 young (6144K), 3 survivors (6144K)
 Metaspace       used 84279K, committed 85056K, reserved 1179648K
  class space    used 11586K, committed 11904K, reserved 1048576K
}
Event: 4966.611 GC heap before
{Heap before GC invocations=40 (full 2):
 garbage-first heap   total 141312K, used 63673K [0x0000000704400000, 0x0000000800000000)
  region size 2048K, 16 young (32768K), 3 survivors (6144K)
 Metaspace       used 84124K, committed 85120K, reserved 1179648K
  class space    used 11544K, committed 11968K, reserved 1048576K
}
Event: 4966.644 GC heap after
{Heap after GC invocations=41 (full 3):
 garbage-first heap   total 116736K, used 28320K [0x0000000704400000, 0x0000000800000000)
  region size 2048K, 0 young (0K), 0 survivors (0K)
 Metaspace       used 84084K, committed 85120K, reserved 1179648K
  class space    used 11537K, committed 11968K, reserved 1048576K
}
Event: 4967.044 GC heap before
{Heap before GC invocations=41 (full 3):
 garbage-first heap   total 116736K, used 95904K [0x0000000704400000, 0x0000000800000000)
  region size 2048K, 34 young (69632K), 0 survivors (0K)
 Metaspace       used 84303K, committed 85120K, reserved 1179648K
  class space    used 11583K, committed 11968K, reserved 1048576K
}
Event: 4967.048 GC heap after
{Heap after GC invocations=42 (full 3):
 garbage-first heap   total 116736K, used 33831K [0x0000000704400000, 0x0000000800000000)
  region size 2048K, 3 young (6144K), 3 survivors (6144K)
 Metaspace       used 84303K, committed 85120K, reserved 1179648K
  class space    used 11583K, committed 11968K, reserved 1048576K
}
Event: 4967.302 GC heap before
{Heap before GC invocations=43 (full 3):
 garbage-first heap   total 116736K, used 93223K [0x0000000704400000, 0x0000000800000000)
  region size 2048K, 33 young (67584K), 3 survivors (6144K)
 Metaspace       used 84775K, committed 85568K, reserved 1179648K
  class space    used 11620K, committed 11968K, reserved 1048576K
}
Event: 4967.306 GC heap after
{Heap after GC invocations=44 (full 3):
 garbage-first heap   total 116736K, used 36976K [0x0000000704400000, 0x0000000800000000)
  region size 2048K, 5 young (10240K), 5 survivors (10240K)
 Metaspace       used 84775K, committed 85568K, reserved 1179648K
  class space    used 11620K, committed 11968K, reserved 1048576K
}
Event: 4967.487 GC heap before
{Heap before GC invocations=44 (full 3):
 garbage-first heap   total 116736K, used 90224K [0x0000000704400000, 0x0000000800000000)
  region size 2048K, 31 young (63488K), 5 survivors (10240K)
 Metaspace       used 84807K, committed 85632K, reserved 1179648K
  class space    used 11629K, committed 12032K, reserved 1048576K
}
Event: 4967.492 GC heap after
{Heap after GC invocations=45 (full 3):
 garbage-first heap   total 116736K, used 38701K [0x0000000704400000, 0x0000000800000000)
  region size 2048K, 3 young (6144K), 3 survivors (6144K)
 Metaspace       used 84807K, committed 85632K, reserved 1179648K
  class space    used 11629K, committed 12032K, reserved 1048576K
}
Event: 4995.667 GC heap before
{Heap before GC invocations=45 (full 3):
 garbage-first heap   total 116736K, used 87853K [0x0000000704400000, 0x0000000800000000)
  region size 2048K, 28 young (57344K), 3 survivors (6144K)
 Metaspace       used 85050K, committed 85824K, reserved 1179648K
  class space    used 11667K, committed 12032K, reserved 1048576K
}
Event: 4995.709 GC heap after
{Heap after GC invocations=46 (full 4):
 garbage-first heap   total 116736K, used 33653K [0x0000000704400000, 0x0000000800000000)
  region size 2048K, 0 young (0K), 0 survivors (0K)
 Metaspace       used 84911K, committed 85824K, reserved 1179648K
  class space    used 11638K, committed 12032K, reserved 1048576K
}
Event: 4996.383 GC heap before
{Heap before GC invocations=46 (full 4):
 garbage-first heap   total 116736K, used 101237K [0x0000000704400000, 0x0000000800000000)
  region size 2048K, 34 young (69632K), 0 survivors (0K)
 Metaspace       used 85081K, committed 85888K, reserved 1179648K
  class space    used 11664K, committed 12032K, reserved 1048576K
}
Event: 4996.387 GC heap after
{Heap after GC invocations=47 (full 4):
 garbage-first heap   total 116736K, used 38027K [0x0000000704400000, 0x0000000800000000)
  region size 2048K, 3 young (6144K), 3 survivors (6144K)
 Metaspace       used 85081K, committed 85888K, reserved 1179648K
  class space    used 11664K, committed 12032K, reserved 1048576K
}

