# JRE version: OpenJDK Runtime Environment Temurin-21.0.2+13 (21.0.2+13) (build 21.0.2+13-LTS)
# Java VM: OpenJDK 64-Bit Server VM Temurin-21.0.2+13 (21.0.2+13-LTS, mixed mode, emulated-client, sharing, tiered, compressed oops, compressed class ptrs, g1 gc, windows-amd64)
GC Precious Log:
 CardTable entry size: 512
 Card Set container configuration: InlinePtr #cards 4 size 8 Array Of Cards #cards 16 size 48 Howl #buckets 8 coarsen threshold 3686 Howl Bitmap #cards 512 size 80 coarsen threshold 460 Card regions per heap region 1 cards per card region 4096
 CPUs: 8 total, 8 available
 Memory: 16106M
 Large Page Support: Disabled
 NUMA Support: Disabled
 Compressed Oops: Enabled (Zero based)
 Heap Region Size: 2M
 Heap Min Capacity: 8M
 Heap Initial Capacity: 252M
 Heap Max Capacity: 4028M
 Pre-touch: Disabled
 Parallel Workers: 8
 Concurrent Workers: 2
 Concurrent Refinement Workers: 8
 Periodic GC: Disabled
Heap:
 garbage-first heap   total 102400K, used 87246K [0x0000000704400000, 0x0000000800000000)
  region size 2048K, 27 young (55296K), 3 survivors (6144K)
 Metaspace       used 77537K, committed 78272K, reserved 1179648K
  class space    used 10750K, committed 11072K, reserved 1048576K
GC Heap History (20 events):
Event: 1829.695 GC heap after
{Heap after GC invocations=23 (full 0):
 garbage-first heap   total 108544K, used 36670K [0x0000000704400000, 0x0000000800000000)
  region size 2048K, 3 young (6144K), 3 survivors (6144K)
 Metaspace       used 76567K, committed 77376K, reserved 1179648K
  class space    used 10652K, committed 11008K, reserved 1048576K
}
Event: 1853.054 GC heap before
{Heap before GC invocations=23 (full 0):
 garbage-first heap   total 108544K, used 40766K [0x0000000704400000, 0x0000000800000000)
  region size 2048K, 6 young (12288K), 3 survivors (6144K)
 Metaspace       used 76676K, committed 77504K, reserved 1179648K
  class space    used 10685K, committed 11072K, reserved 1048576K
}
Event: 1853.092 GC heap after
{Heap after GC invocations=24 (full 1):
 garbage-first heap   total 102400K, used 26672K [0x0000000704400000, 0x0000000800000000)
  region size 2048K, 0 young (0K), 0 survivors (0K)
 Metaspace       used 76232K, committed 77504K, reserved 1179648K
  class space    used 10573K, committed 11072K, reserved 1048576K
}
Event: 1855.069 GC heap before
{Heap before GC invocations=24 (full 1):
 garbage-first heap   total 102400K, used 86064K [0x0000000704400000, 0x0000000800000000)
  region size 2048K, 30 young (61440K), 0 survivors (0K)
 Metaspace       used 76653K, committed 77504K, reserved 1179648K
  class space    used 10639K, committed 11072K, reserved 1048576K
}
Event: 1855.072 GC heap after
{Heap after GC invocations=25 (full 1):
 garbage-first heap   total 102400K, used 33377K [0x0000000704400000, 0x0000000800000000)
  region size 2048K, 4 young (8192K), 4 survivors (8192K)
 Metaspace       used 76653K, committed 77504K, reserved 1179648K
  class space    used 10639K, committed 11072K, reserved 1048576K
}
Event: 2509.364 GC heap before
{Heap before GC invocations=25 (full 1):
 garbage-first heap   total 102400K, used 82529K [0x0000000704400000, 0x0000000800000000)
  region size 2048K, 28 young (57344K), 4 survivors (8192K)
 Metaspace       used 76747K, committed 77568K, reserved 1179648K
  class space    used 10661K, committed 11072K, reserved 1048576K
}
Event: 2509.375 GC heap after
{Heap after GC invocations=26 (full 1):
 garbage-first heap   total 102400K, used 36044K [0x0000000704400000, 0x0000000800000000)
  region size 2048K, 2 young (4096K), 2 survivors (4096K)
 Metaspace       used 76747K, committed 77568K, reserved 1179648K
  class space    used 10661K, committed 11072K, reserved 1048576K
}
Event: 3738.238 GC heap before
{Heap before GC invocations=26 (full 1):
 garbage-first heap   total 102400K, used 87244K [0x0000000704400000, 0x0000000800000000)
  region size 2048K, 27 young (55296K), 2 survivors (4096K)
 Metaspace       used 76747K, committed 77568K, reserved 1179648K
  class space    used 10661K, committed 11072K, reserved 1048576K
}
Event: 3738.241 GC heap after
{Heap after GC invocations=27 (full 1):
 garbage-first heap   total 102400K, used 35809K [0x0000000704400000, 0x0000000800000000)
  region size 2048K, 2 young (4096K), 2 survivors (4096K)
 Metaspace       used 76747K, committed 77568K, reserved 1179648K
  class space    used 10661K, committed 11072K, reserved 1048576K
}
Event: 4802.628 GC heap before
{Heap before GC invocations=28 (full 1):
 garbage-first heap   total 102400K, used 84961K [0x0000000704400000, 0x0000000800000000)
  region size 2048K, 27 young (55296K), 2 survivors (4096K)
 Metaspace       used 76520K, committed 77568K, reserved 1179648K
  class space    used 10606K, committed 11072K, reserved 1048576K
}
Event: 4802.632 GC heap after
{Heap after GC invocations=29 (full 1):
 garbage-first heap   total 122880K, used 36808K [0x0000000704400000, 0x0000000800000000)
  region size 2048K, 3 young (6144K), 3 survivors (6144K)
 Metaspace       used 76520K, committed 77568K, reserved 1179648K
  class space    used 10606K, committed 11072K, reserved 1048576K
}
Event: 5536.897 GC heap before
{Heap before GC invocations=29 (full 1):
 garbage-first heap   total 122880K, used 77768K [0x0000000704400000, 0x0000000800000000)
  region size 2048K, 24 young (49152K), 3 survivors (6144K)
 Metaspace       used 76603K, committed 77568K, reserved 1179648K
  class space    used 10621K, committed 11072K, reserved 1048576K
}
Event: 5536.936 GC heap after
{Heap after GC invocations=30 (full 2):
 garbage-first heap   total 102400K, used 26928K [0x0000000704400000, 0x0000000800000000)
  region size 2048K, 0 young (0K), 0 survivors (0K)
 Metaspace       used 76528K, committed 77504K, reserved 1179648K
  class space    used 10604K, committed 11072K, reserved 1048576K
}
Event: 5537.593 GC heap before
{Heap before GC invocations=30 (full 2):
 garbage-first heap   total 102400K, used 88368K [0x0000000704400000, 0x0000000800000000)
  region size 2048K, 30 young (61440K), 0 survivors (0K)
 Metaspace       used 76998K, committed 77760K, reserved 1179648K
  class space    used 10687K, committed 11072K, reserved 1048576K
}
Event: 5537.598 GC heap after
{Heap after GC invocations=31 (full 2):
 garbage-first heap   total 102400K, used 32713K [0x0000000704400000, 0x0000000800000000)
  region size 2048K, 3 young (6144K), 3 survivors (6144K)
 Metaspace       used 76998K, committed 77760K, reserved 1179648K
  class space    used 10687K, committed 11072K, reserved 1048576K
}
Event: 5539.430 GC heap before
{Heap before GC invocations=32 (full 2):
 garbage-first heap   total 102400K, used 83913K [0x0000000704400000, 0x0000000800000000)
  region size 2048K, 29 young (59392K), 3 survivors (6144K)
 Metaspace       used 77241K, committed 77952K, reserved 1179648K
  class space    used 10724K, committed 11072K, reserved 1048576K
}
Event: 5539.434 GC heap after
{Heap after GC invocations=33 (full 2):
 garbage-first heap   total 102400K, used 36140K [0x0000000704400000, 0x0000000800000000)
  region size 2048K, 3 young (6144K), 3 survivors (6144K)
 Metaspace       used 77241K, committed 77952K, reserved 1179648K
  class space    used 10724K, committed 11072K, reserved 1048576K
}
Event: 5682.190 GC heap before
{Heap before GC invocations=33 (full 2):
 garbage-first heap   total 102400K, used 81196K [0x0000000704400000, 0x0000000800000000)
  region size 2048K, 26 young (53248K), 3 survivors (6144K)
 Metaspace       used 77369K, committed 78080K, reserved 1179648K
  class space    used 10738K, committed 11072K, reserved 1048576K
}
Event: 5682.194 GC heap after
{Heap after GC invocations=34 (full 2):
 garbage-first heap   total 102400K, used 38094K [0x0000000704400000, 0x0000000800000000)
  region size 2048K, 3 young (6144K), 3 survivors (6144K)
 Metaspace       used 77369K, committed 78080K, reserved 1179648K
  class space    used 10738K, committed 11072K, reserved 1048576K
}
Event: 5991.793 GC heap before
{Heap before GC invocations=34 (full 2):
 garbage-first heap   total 102400K, used 85198K [0x0000000704400000, 0x0000000800000000)
  region size 2048K, 27 young (55296K), 3 survivors (6144K)
 Metaspace       used 77537K, committed 78272K, reserved 1179648K
  class space    used 10750K, committed 11072K, reserved 1048576K
}

