# JRE version: OpenJDK Runtime Environment Temurin-21.0.2+13 (21.0.2+13) (build 21.0.2+13-LTS)
# Java VM: OpenJDK 64-Bit Server VM Temurin-21.0.2+13 (21.0.2+13-LTS, mixed mode, emulated-client, sharing, tiered, compressed oops, compressed class ptrs, g1 gc, windows-amd64)
GC Precious Log:
 CardTable entry size: 512
 Card Set container configuration: InlinePtr #cards 4 size 8 Array Of Cards #cards 16 size 48 Howl #buckets 8 coarsen threshold 3686 Howl Bitmap #cards 512 size 80 coarsen threshold 460 Card regions per heap region 1 cards per card region 4096
 CPUs: 8 total, 8 available
 Memory: 16106M
 Large Page Support: Disabled
 NUMA Support: Disabled
 Compressed Oops: Enabled (Zero based)
 Heap Region Size: 2M
 Heap Min Capacity: 8M
 Heap Initial Capacity: 252M
 Heap Max Capacity: 4028M
 Pre-touch: Disabled
 Parallel Workers: 8
 Concurrent Workers: 2
 Concurrent Refinement Workers: 8
 Periodic GC: Disabled
Heap:
 garbage-first heap   total 102400K, used 87122K [0x0000000704400000, 0x0000000800000000)
  region size 2048K, 32 young (65536K), 3 survivors (6144K)
 Metaspace       used 75634K, committed 76352K, reserved 1179648K
  class space    used 10457K, committed 10816K, reserved 1048576K
GC Heap History (20 events):
Event: 3.023 GC heap after
{Heap after GC invocations=17 (full 0):
 garbage-first heap   total 90112K, used 25792K [0x0000000704400000, 0x0000000800000000)
  region size 2048K, 3 young (6144K), 3 survivors (6144K)
 Metaspace       used 50643K, committed 51264K, reserved 1114112K
  class space    used 6937K, committed 7232K, reserved 1048576K
}
Event: 3.214 GC heap before
{Heap before GC invocations=17 (full 0):
 garbage-first heap   total 90112K, used 70848K [0x0000000704400000, 0x0000000800000000)
  region size 2048K, 26 young (53248K), 3 survivors (6144K)
 Metaspace       used 55564K, committed 56256K, reserved 1114112K
  class space    used 7648K, committed 7936K, reserved 1048576K
}
Event: 3.218 GC heap after
{Heap after GC invocations=18 (full 0):
 garbage-first heap   total 108544K, used 26115K [0x0000000704400000, 0x0000000800000000)
  region size 2048K, 3 young (6144K), 3 survivors (6144K)
 Metaspace       used 55564K, committed 56256K, reserved 1114112K
  class space    used 7648K, committed 7936K, reserved 1048576K
}
Event: 3.503 GC heap before
{Heap before GC invocations=18 (full 0):
 garbage-first heap   total 108544K, used 83459K [0x0000000704400000, 0x0000000800000000)
  region size 2048K, 31 young (63488K), 3 survivors (6144K)
 Metaspace       used 61173K, committed 61824K, reserved 1114112K
  class space    used 8514K, committed 8832K, reserved 1048576K
}
Event: 3.506 GC heap after
{Heap after GC invocations=19 (full 0):
 garbage-first heap   total 108544K, used 26866K [0x0000000704400000, 0x0000000800000000)
  region size 2048K, 2 young (4096K), 2 survivors (4096K)
 Metaspace       used 61173K, committed 61824K, reserved 1114112K
  class space    used 8514K, committed 8832K, reserved 1048576K
}
Event: 3.861 GC heap before
{Heap before GC invocations=19 (full 0):
 garbage-first heap   total 108544K, used 86258K [0x0000000704400000, 0x0000000800000000)
  region size 2048K, 31 young (63488K), 2 survivors (4096K)
 Metaspace       used 66010K, committed 66688K, reserved 1114112K
  class space    used 9155K, committed 9472K, reserved 1048576K
}
Event: 3.865 GC heap after
{Heap after GC invocations=20 (full 0):
 garbage-first heap   total 108544K, used 30077K [0x0000000704400000, 0x0000000800000000)
  region size 2048K, 4 young (8192K), 4 survivors (8192K)
 Metaspace       used 66010K, committed 66688K, reserved 1114112K
  class space    used 9155K, committed 9472K, reserved 1048576K
}
Event: 7.203 GC heap before
{Heap before GC invocations=20 (full 0):
 garbage-first heap   total 108544K, used 85373K [0x0000000704400000, 0x0000000800000000)
  region size 2048K, 31 young (63488K), 4 survivors (8192K)
 Metaspace       used 69583K, committed 70400K, reserved 1114112K
  class space    used 9691K, committed 10048K, reserved 1048576K
}
Event: 7.213 GC heap after
{Heap after GC invocations=21 (full 0):
 garbage-first heap   total 108544K, used 33285K [0x0000000704400000, 0x0000000800000000)
  region size 2048K, 4 young (8192K), 4 survivors (8192K)
 Metaspace       used 69583K, committed 70400K, reserved 1114112K
  class space    used 9691K, committed 10048K, reserved 1048576K
}
Event: 13.074 GC heap before
{Heap before GC invocations=21 (full 0):
 garbage-first heap   total 108544K, used 86533K [0x0000000704400000, 0x0000000800000000)
  region size 2048K, 31 young (63488K), 4 survivors (8192K)
 Metaspace       used 74423K, committed 75200K, reserved 1114112K
  class space    used 10338K, committed 10688K, reserved 1048576K
}
Event: 13.083 GC heap after
{Heap after GC invocations=22 (full 0):
 garbage-first heap   total 108544K, used 36334K [0x0000000704400000, 0x0000000800000000)
  region size 2048K, 4 young (8192K), 4 survivors (8192K)
 Metaspace       used 74423K, committed 75200K, reserved 1114112K
  class space    used 10338K, committed 10688K, reserved 1048576K
}
Event: 1099.117 GC heap before
{Heap before GC invocations=22 (full 0):
 garbage-first heap   total 108544K, used 89582K [0x0000000704400000, 0x0000000800000000)
  region size 2048K, 30 young (61440K), 4 survivors (8192K)
 Metaspace       used 75252K, committed 75968K, reserved 1179648K
  class space    used 10442K, committed 10752K, reserved 1048576K
}
Event: 1099.122 GC heap after
{Heap after GC invocations=23 (full 0):
 garbage-first heap   total 108544K, used 36472K [0x0000000704400000, 0x0000000800000000)
  region size 2048K, 2 young (4096K), 2 survivors (4096K)
 Metaspace       used 75252K, committed 75968K, reserved 1179648K
  class space    used 10442K, committed 10752K, reserved 1048576K
}
Event: 1603.380 GC heap before
{Heap before GC invocations=23 (full 0):
 garbage-first heap   total 108544K, used 56952K [0x0000000704400000, 0x0000000800000000)
  region size 2048K, 13 young (26624K), 2 survivors (4096K)
 Metaspace       used 75375K, committed 76160K, reserved 1179648K
  class space    used 10467K, committed 10816K, reserved 1048576K
}
Event: 1603.419 GC heap after
{Heap after GC invocations=24 (full 1):
 garbage-first heap   total 102400K, used 25991K [0x0000000704400000, 0x0000000800000000)
  region size 2048K, 0 young (0K), 0 survivors (0K)
 Metaspace       used 75029K, committed 76160K, reserved 1179648K
  class space    used 10378K, committed 10816K, reserved 1048576K
}
Event: 1605.053 GC heap before
{Heap before GC invocations=24 (full 1):
 garbage-first heap   total 102400K, used 85383K [0x0000000704400000, 0x0000000800000000)
  region size 2048K, 30 young (61440K), 0 survivors (0K)
 Metaspace       used 75427K, committed 76224K, reserved 1179648K
  class space    used 10442K, committed 10816K, reserved 1048576K
}
Event: 1605.057 GC heap after
{Heap after GC invocations=25 (full 1):
 garbage-first heap   total 102400K, used 32778K [0x0000000704400000, 0x0000000800000000)
  region size 2048K, 4 young (8192K), 4 survivors (8192K)
 Metaspace       used 75427K, committed 76224K, reserved 1179648K
  class space    used 10442K, committed 10816K, reserved 1048576K
}
Event: 1671.157 GC heap before
{Heap before GC invocations=25 (full 1):
 garbage-first heap   total 102400K, used 59402K [0x0000000704400000, 0x0000000800000000)
  region size 2048K, 18 young (36864K), 4 survivors (8192K)
 Metaspace       used 75512K, committed 76224K, reserved 1179648K
  class space    used 10462K, committed 10816K, reserved 1048576K
}
Event: 1671.192 GC heap after
{Heap after GC invocations=26 (full 2):
 garbage-first heap   total 102400K, used 27730K [0x0000000704400000, 0x0000000800000000)
  region size 2048K, 0 young (0K), 0 survivors (0K)
 Metaspace       used 75404K, committed 76224K, reserved 1179648K
  class space    used 10435K, committed 10816K, reserved 1048576K
}
Event: 3439.974 GC heap before
{Heap before GC invocations=26 (full 2):
 garbage-first heap   total 102400K, used 85074K [0x0000000704400000, 0x0000000800000000)
  region size 2048K, 29 young (59392K), 0 survivors (0K)
 Metaspace       used 75634K, committed 76352K, reserved 1179648K
  class space    used 10457K, committed 10816K, reserved 1048576K
}

