# JRE version: OpenJDK Runtime Environment Temurin-21.0.2+13 (21.0.2+13) (build 21.0.2+13-LTS)
# Java VM: OpenJDK 64-Bit Server VM Temurin-21.0.2+13 (21.0.2+13-LTS, mixed mode, emulated-client, sharing, tiered, compressed oops, compressed class ptrs, g1 gc, windows-amd64)
GC Precious Log:
 CardTable entry size: 512
 Card Set container configuration: InlinePtr #cards 4 size 8 Array Of Cards #cards 16 size 48 Howl #buckets 8 coarsen threshold 3686 Howl Bitmap #cards 512 size 80 coarsen threshold 460 Card regions per heap region 1 cards per card region 4096
 CPUs: 8 total, 8 available
 Memory: 16106M
 Large Page Support: Disabled
 NUMA Support: Disabled
 Compressed Oops: Enabled (Zero based)
 Heap Region Size: 2M
 Heap Min Capacity: 8M
 Heap Initial Capacity: 252M
 Heap Max Capacity: 4028M
 Pre-touch: Disabled
 Parallel Workers: 8
 Concurrent Workers: 2
 Concurrent Refinement Workers: 8
 Periodic GC: Disabled
Heap:
 garbage-first heap   total 122880K, used 104707K [0x0000000704400000, 0x0000000800000000)
  region size 2048K, 28 young (57344K), 1 survivors (2048K)
 Metaspace       used 78167K, committed 78976K, reserved 1179648K
  class space    used 10761K, committed 11136K, reserved 1048576K
GC Heap History (20 events):
Event: 4978.210 GC heap after
{Heap after GC invocations=36 (full 3):
 garbage-first heap   total 102400K, used 30369K [0x0000000704400000, 0x0000000800000000)
  region size 2048K, 3 young (6144K), 3 survivors (6144K)
 Metaspace       used 76728K, committed 77440K, reserved 1179648K
  class space    used 10636K, committed 10944K, reserved 1048576K
}
Event: 5567.245 GC heap before
{Heap before GC invocations=37 (full 3):
 garbage-first heap   total 102400K, used 83617K [0x0000000704400000, 0x0000000800000000)
  region size 2048K, 29 young (59392K), 3 survivors (6144K)
 Metaspace       used 76740K, committed 77440K, reserved 1179648K
  class space    used 10638K, committed 10944K, reserved 1048576K
}
Event: 5567.249 GC heap after
{Heap after GC invocations=38 (full 3):
 garbage-first heap   total 102400K, used 31260K [0x0000000704400000, 0x0000000800000000)
  region size 2048K, 1 young (2048K), 1 survivors (2048K)
 Metaspace       used 76740K, committed 77440K, reserved 1179648K
  class space    used 10638K, committed 10944K, reserved 1048576K
}
Event: 5601.937 GC heap before
{Heap before GC invocations=38 (full 3):
 garbage-first heap   total 102400K, used 86556K [0x0000000704400000, 0x0000000800000000)
  region size 2048K, 28 young (57344K), 1 survivors (2048K)
 Metaspace       used 76980K, committed 77760K, reserved 1179648K
  class space    used 10660K, committed 11008K, reserved 1048576K
}
Event: 5601.940 GC heap after
{Heap after GC invocations=39 (full 3):
 garbage-first heap   total 102400K, used 34071K [0x0000000704400000, 0x0000000800000000)
  region size 2048K, 2 young (4096K), 2 survivors (4096K)
 Metaspace       used 76980K, committed 77760K, reserved 1179648K
  class space    used 10660K, committed 11008K, reserved 1048576K
}
Event: 5640.915 GC heap before
{Heap before GC invocations=39 (full 3):
 garbage-first heap   total 102400K, used 87319K [0x0000000704400000, 0x0000000800000000)
  region size 2048K, 28 young (57344K), 2 survivors (4096K)
 Metaspace       used 77088K, committed 77824K, reserved 1179648K
  class space    used 10677K, committed 11008K, reserved 1048576K
}
Event: 5640.918 GC heap after
{Heap after GC invocations=40 (full 3):
 garbage-first heap   total 102400K, used 37782K [0x0000000704400000, 0x0000000800000000)
  region size 2048K, 4 young (8192K), 4 survivors (8192K)
 Metaspace       used 77088K, committed 77824K, reserved 1179648K
  class space    used 10677K, committed 11008K, reserved 1048576K
}
Event: 5861.121 GC heap before
{Heap before GC invocations=41 (full 3):
 garbage-first heap   total 102400K, used 82838K [0x0000000704400000, 0x0000000800000000)
  region size 2048K, 26 young (53248K), 4 survivors (8192K)
 Metaspace       used 77188K, committed 77952K, reserved 1179648K
  class space    used 10670K, committed 11008K, reserved 1048576K
}
Event: 5861.128 GC heap after
{Heap after GC invocations=42 (full 3):
 garbage-first heap   total 102400K, used 36978K [0x0000000704400000, 0x0000000800000000)
  region size 2048K, 2 young (4096K), 2 survivors (4096K)
 Metaspace       used 77188K, committed 77952K, reserved 1179648K
  class space    used 10670K, committed 11008K, reserved 1048576K
}
Event: 5999.585 GC heap before
{Heap before GC invocations=42 (full 3):
 garbage-first heap   total 102400K, used 86130K [0x0000000704400000, 0x0000000800000000)
  region size 2048K, 26 young (53248K), 2 survivors (4096K)
 Metaspace       used 77233K, committed 77952K, reserved 1179648K
  class space    used 10680K, committed 11008K, reserved 1048576K
}
Event: 5999.588 GC heap after
{Heap after GC invocations=43 (full 3):
 garbage-first heap   total 102400K, used 38197K [0x0000000704400000, 0x0000000800000000)
  region size 2048K, 3 young (6144K), 3 survivors (6144K)
 Metaspace       used 77233K, committed 77952K, reserved 1179648K
  class space    used 10680K, committed 11008K, reserved 1048576K
}
Event: 6029.863 GC heap before
{Heap before GC invocations=43 (full 3):
 garbage-first heap   total 102400K, used 83253K [0x0000000704400000, 0x0000000800000000)
  region size 2048K, 26 young (53248K), 3 survivors (6144K)
 Metaspace       used 77480K, committed 78208K, reserved 1179648K
  class space    used 10708K, committed 11008K, reserved 1048576K
}
Event: 6029.867 GC heap after
{Heap after GC invocations=44 (full 3):
 garbage-first heap   total 102400K, used 40469K [0x0000000704400000, 0x0000000800000000)
  region size 2048K, 3 young (6144K), 3 survivors (6144K)
 Metaspace       used 77480K, committed 78208K, reserved 1179648K
  class space    used 10708K, committed 11008K, reserved 1048576K
}
Event: 6032.378 GC heap before
{Heap before GC invocations=45 (full 3):
 garbage-first heap   total 102400K, used 83477K [0x0000000704400000, 0x0000000800000000)
  region size 2048K, 25 young (51200K), 3 survivors (6144K)
 Metaspace       used 77684K, committed 78464K, reserved 1179648K
  class space    used 10720K, committed 11072K, reserved 1048576K
}
Event: 6032.384 GC heap after
{Heap after GC invocations=46 (full 3):
 garbage-first heap   total 122880K, used 41676K [0x0000000704400000, 0x0000000800000000)
  region size 2048K, 3 young (6144K), 3 survivors (6144K)
 Metaspace       used 77684K, committed 78464K, reserved 1179648K
  class space    used 10720K, committed 11072K, reserved 1048576K
}
Event: 6064.244 GC heap before
{Heap before GC invocations=46 (full 3):
 garbage-first heap   total 122880K, used 103116K [0x0000000704400000, 0x0000000800000000)
  region size 2048K, 34 young (69632K), 3 survivors (6144K)
 Metaspace       used 77923K, committed 78720K, reserved 1179648K
  class space    used 10740K, committed 11072K, reserved 1048576K
}
Event: 6064.252 GC heap after
{Heap after GC invocations=47 (full 3):
 garbage-first heap   total 122880K, used 44947K [0x0000000704400000, 0x0000000800000000)
  region size 2048K, 4 young (8192K), 4 survivors (8192K)
 Metaspace       used 77923K, committed 78720K, reserved 1179648K
  class space    used 10740K, committed 11072K, reserved 1048576K
}
Event: 6074.528 GC heap before
{Heap before GC invocations=47 (full 3):
 garbage-first heap   total 122880K, used 104339K [0x0000000704400000, 0x0000000800000000)
  region size 2048K, 34 young (69632K), 4 survivors (8192K)
 Metaspace       used 78172K, committed 78976K, reserved 1179648K
  class space    used 10762K, committed 11136K, reserved 1048576K
}
Event: 6074.533 GC heap after
{Heap after GC invocations=48 (full 3):
 garbage-first heap   total 122880K, used 49411K [0x0000000704400000, 0x0000000800000000)
  region size 2048K, 5 young (10240K), 5 survivors (10240K)
 Metaspace       used 78172K, committed 78976K, reserved 1179648K
  class space    used 10762K, committed 11136K, reserved 1048576K
}
Event: 6259.612 GC heap before
{Heap before GC invocations=49 (full 3):
 garbage-first heap   total 122880K, used 104707K [0x0000000704400000, 0x0000000800000000)
  region size 2048K, 32 young (65536K), 5 survivors (10240K)
 Metaspace       used 78167K, committed 78976K, reserved 1179648K
  class space    used 10761K, committed 11136K, reserved 1048576K
}

